#
# A fatal error has been detected by the Java Runtime Environment:
#
#  EXCEPTION_ACCESS_VIOLATION (0xc0000005) at pc=0x0000000067363e67, pid=17732, tid=0x0000000000004c94
#
# JRE version: Java(TM) SE Runtime Environment (8.0_162-b12) (build 1.8.0_162-b12)
# Java VM: Java HotSpot(TM) 64-Bit Server VM (25.162-b12 mixed mode windows-amd64 compressed oops)
# Problematic frame:
# V  [jvm.dll+0x213e67]
#
# Failed to write core dump. Minidumps are not enabled by default on client versions of Windows
#
# If you would like to submit a bug report, please visit:
#   http://bugreport.java.com/bugreport/crash.jsp
#

---------------  T H R E A D  ---------------

Current thread (0x000000003001d000):  JavaThread "HikariPool-1 connection closer" daemon [_thread_in_vm, id=19604, stack(0x0000000001010000,0x0000000001110000)]

siginfo: ExceptionCode=0xc0000005, writing address 0x0000000001109220

Registers:
RAX=0x0000000001109220, RBX=0x0000000000000007, RCX=0x0000000000006000, RDX=0x0000000000000006
RSP=0x000000000110f220, RBP=0x0000000000000000, RSI=0x000000000110f220, RDI=0x0000000000000007
R8 =0x0000000000000006, R9 =0x00000000240f7800, R10=0x000000001531df98, R11=0x000000000101a148
R12=0x00000000240f7800, R13=0x000000003001d000, R14=0x000000000110f2e8, R15=0x000000001531df98
RIP=0x0000000067363e67, EFLAGS=0x0000000000010202

Top of Stack: (sp=0x000000000110f220)
0x000000000110f220:   0000000000000002 00000001000069a0
0x000000000110f230:   000000003001d000 00000000240f7800
0x000000000110f240:   00000000ffffffff 0000000067364d97
0x000000000110f250:   000000000110f350 000000001531df98
0x000000000110f260:   000000003001d000 0000000067210483
0x000000000110f270:   000000000110f2b0 000000003001d000
0x000000000110f280:   000000000110f340 000000003001d000
0x000000000110f290:   000000001531df98 000000003001d000
0x000000000110f2a0:   00000000031da460 000000003001d000
0x000000000110f2b0:   000000001531df98 000000003001d000
0x000000000110f2c0:   000000001531df98 000000003001d000
0x000000000110f2d0:   0000000000000001 000000001531df98
0x000000000110f2e0:   000000003001d000 0000000018d801e0
0x000000000110f2f0:   000000003001d000 0000000067211bed
0x000000000110f300:   000000000110f608 00000001000069a0
0x000000000110f310:   00000001000069a0 0000000067310033 

Instructions: (pc=0x0000000067363e67)
0x0000000067363e47:   48 89 6c 24 30 33 ed 66 90 e8 ab 3f 08 00 ff c3
0x0000000067363e57:   48 63 c8 48 8b c6 48 0f af cf 48 ff c7 48 2b c1
0x0000000067363e67:   89 28 48 63 c3 48 3b 05 65 68 59 00 7e db 48 8b
0x0000000067363e77:   6c 24 30 48 8b 5c 24 38 48 8b 74 24 40 48 83 c4 


Register to memory mapping:

RAX=0x0000000001109220 is pointing into the stack for thread: 0x000000003001d000
RBX=0x0000000000000007 is an unknown value
RCX=0x0000000000006000 is an unknown value
RDX=0x0000000000000006 is an unknown value
RSP=0x000000000110f220 is pointing into the stack for thread: 0x000000003001d000
RBP=0x0000000000000000 is an unknown value
RSI=0x000000000110f220 is pointing into the stack for thread: 0x000000003001d000
RDI=0x0000000000000007 is an unknown value
R8 =0x0000000000000006 is an unknown value
R9 =0x00000000240f7800 is an unknown value
R10={method} {0x000000001531dfa0} 'run' '()V' in 'java/lang/Thread'
R11=0x000000000101a148 is pointing into the stack for thread: 0x000000003001d000
R12=0x00000000240f7800 is an unknown value
R13=0x000000003001d000 is a thread
R14=0x000000000110f2e8 is pointing into the stack for thread: 0x000000003001d000
R15={method} {0x000000001531dfa0} 'run' '()V' in 'java/lang/Thread'


Stack: [0x0000000001010000,0x0000000001110000],  sp=0x000000000110f220,  free space=1020k
Native frames: (J=compiled Java code, j=interpreted, Vv=VM code, C=native code)


---------------  P R O C E S S  ---------------

Java Threads: ( => current thread )
=>0x000000003001d000 JavaThread "HikariPool-1 connection closer" daemon [_thread_in_vm, id=19604, stack(0x0000000001010000,0x0000000001110000)]
  0x0000000030023800 JavaThread "http-nio-8080-exec-52" daemon [_thread_blocked, id=17096, stack(0x00000000330a0000,0x00000000331a0000)]
  0x0000000030020000 JavaThread "http-nio-8080-exec-51" daemon [_thread_blocked, id=13156, stack(0x0000000032fa0000,0x00000000330a0000)]
  0x0000000030022000 JavaThread "http-nio-8080-exec-50" daemon [_thread_blocked, id=7228, stack(0x0000000032ea0000,0x0000000032fa0000)]
  0x000000003001f000 JavaThread "http-nio-8080-exec-49" daemon [_thread_blocked, id=11224, stack(0x0000000032da0000,0x0000000032ea0000)]
  0x000000003001e800 JavaThread "http-nio-8080-exec-48" daemon [_thread_blocked, id=15560, stack(0x0000000032ca0000,0x0000000032da0000)]
  0x000000003001c000 JavaThread "http-nio-8080-exec-47" daemon [_thread_blocked, id=19428, stack(0x0000000032ba0000,0x0000000032ca0000)]
  0x0000000030021800 JavaThread "http-nio-8080-exec-46" daemon [_thread_blocked, id=4316, stack(0x0000000032aa0000,0x0000000032ba0000)]
  0x0000000030023000 JavaThread "http-nio-8080-exec-45" daemon [_thread_blocked, id=5588, stack(0x00000000329a0000,0x0000000032aa0000)]
  0x0000000030020800 JavaThread "http-nio-8080-exec-44" daemon [_thread_blocked, id=720, stack(0x00000000328a0000,0x00000000329a0000)]
  0x000000003001b800 JavaThread "http-nio-8080-exec-43" daemon [_thread_blocked, id=10792, stack(0x00000000327a0000,0x00000000328a0000)]
  0x000000002ff88000 JavaThread "http-nio-8080-exec-42" daemon [_thread_blocked, id=11636, stack(0x00000000326a0000,0x00000000327a0000)]
  0x000000002ff8c800 JavaThread "http-nio-8080-exec-41" daemon [_thread_blocked, id=6536, stack(0x00000000325a0000,0x00000000326a0000)]
  0x000000002ff84800 JavaThread "http-nio-8080-exec-40" daemon [_thread_blocked, id=3496, stack(0x00000000324a0000,0x00000000325a0000)]
  0x000000002ff87000 JavaThread "http-nio-8080-exec-39" daemon [_thread_blocked, id=10436, stack(0x00000000323a0000,0x00000000324a0000)]
  0x000000002ff8a000 JavaThread "http-nio-8080-exec-38" daemon [_thread_blocked, id=12376, stack(0x00000000322a0000,0x00000000323a0000)]
  0x000000002ff85800 JavaThread "http-nio-8080-exec-37" daemon [_thread_blocked, id=12480, stack(0x00000000321a0000,0x00000000322a0000)]
  0x000000002ff8b800 JavaThread "http-nio-8080-exec-36" daemon [_thread_blocked, id=18924, stack(0x00000000320a0000,0x00000000321a0000)]
  0x000000002ff86800 JavaThread "http-nio-8080-exec-35" daemon [_thread_blocked, id=14704, stack(0x0000000031fa0000,0x00000000320a0000)]
  0x000000002ff89800 JavaThread "http-nio-8080-exec-34" daemon [_thread_blocked, id=16256, stack(0x0000000031ea0000,0x0000000031fa0000)]
  0x000000002ff88800 JavaThread "http-nio-8080-exec-33" daemon [_thread_blocked, id=10788, stack(0x0000000031da0000,0x0000000031ea0000)]
  0x000000002ff8b000 JavaThread "http-nio-8080-exec-32" daemon [_thread_blocked, id=16096, stack(0x0000000031ca0000,0x0000000031da0000)]
  0x000000002ff7d000 JavaThread "http-nio-8080-exec-31" daemon [_thread_blocked, id=13800, stack(0x0000000031ba0000,0x0000000031ca0000)]
  0x000000002ff83000 JavaThread "http-nio-8080-exec-30" daemon [_thread_blocked, id=20184, stack(0x0000000031aa0000,0x0000000031ba0000)]
  0x000000002ff7e000 JavaThread "http-nio-8080-exec-29" daemon [_thread_blocked, id=19504, stack(0x00000000319a0000,0x0000000031aa0000)]
  0x000000002ff82800 JavaThread "http-nio-8080-exec-28" daemon [_thread_blocked, id=12420, stack(0x00000000318a0000,0x00000000319a0000)]
  0x000000002ff7e800 JavaThread "http-nio-8080-exec-27" daemon [_thread_blocked, id=19748, stack(0x00000000317a0000,0x00000000318a0000)]
  0x000000002ff81800 JavaThread "http-nio-8080-exec-26" daemon [_thread_blocked, id=5272, stack(0x00000000316a0000,0x00000000317a0000)]
  0x000000002ff7f800 JavaThread "http-nio-8080-exec-25" daemon [_thread_blocked, id=14404, stack(0x00000000315a0000,0x00000000316a0000)]
  0x000000002ff81000 JavaThread "http-nio-8080-exec-24" daemon [_thread_blocked, id=9956, stack(0x00000000314a0000,0x00000000315a0000)]
  0x000000002ff84000 JavaThread "http-nio-8080-exec-23" daemon [_thread_blocked, id=8936, stack(0x00000000313a0000,0x00000000314a0000)]
  0x000000002ff80000 JavaThread "http-nio-8080-exec-22" daemon [_thread_blocked, id=7304, stack(0x00000000312a0000,0x00000000313a0000)]
  0x000000001ad15800 JavaThread "http-nio-8080-exec-21" daemon [_thread_blocked, id=10460, stack(0x00000000311a0000,0x00000000312a0000)]
  0x0000000023901000 JavaThread "http-nio-8080-exec-20" daemon [_thread_blocked, id=12452, stack(0x00000000310a0000,0x00000000311a0000)]
  0x0000000023eed800 JavaThread "http-nio-8080-exec-19" daemon [_thread_blocked, id=10780, stack(0x0000000030fa0000,0x00000000310a0000)]
  0x0000000023ef0800 JavaThread "http-nio-8080-exec-18" daemon [_thread_blocked, id=15824, stack(0x0000000030ea0000,0x0000000030fa0000)]
  0x0000000023eec000 JavaThread "http-nio-8080-exec-17" daemon [_thread_blocked, id=9760, stack(0x0000000030da0000,0x0000000030ea0000)]
  0x000000001cff1800 JavaThread "http-nio-8080-exec-16" daemon [_thread_blocked, id=12928, stack(0x000000002f8d0000,0x000000002f9d0000)]
  0x000000001cff1000 JavaThread "http-nio-8080-exec-15" daemon [_thread_blocked, id=14244, stack(0x000000002e3d0000,0x000000002e4d0000)]
  0x000000001cfef800 JavaThread "http-nio-8080-exec-13" daemon [_thread_blocked, id=11432, stack(0x0000000019db0000,0x0000000019eb0000)]
  0x000000001cff5800 JavaThread "http-nio-8080-exec-12" daemon [_thread_blocked, id=16728, stack(0x00000000198b0000,0x00000000199b0000)]
  0x000000001cff3000 JavaThread "http-nio-8080-exec-11" daemon [_thread_blocked, id=18248, stack(0x0000000019700000,0x0000000019800000)]
  0x000000001cff2800 JavaThread "lettuce-eventExecutorLoop-2-8" daemon [_thread_blocked, id=11000, stack(0x000000002fad0000,0x000000002fbd0000)]
  0x000000001cff4000 JavaThread "lettuce-eventExecutorLoop-2-7" daemon [_thread_blocked, id=9644, stack(0x000000002f9d0000,0x000000002fad0000)]
  0x000000001cfee800 JavaThread "lettuce-eventExecutorLoop-2-6" daemon [_thread_blocked, id=10500, stack(0x000000002f7d0000,0x000000002f8d0000)]
  0x000000001cfe7000 JavaThread "lettuce-eventExecutorLoop-2-5" daemon [_thread_blocked, id=6288, stack(0x000000002f6d0000,0x000000002f7d0000)]
  0x000000001cfea000 JavaThread "lettuce-eventExecutorLoop-2-4" daemon [_thread_blocked, id=9572, stack(0x000000002f5d0000,0x000000002f6d0000)]
  0x000000001cfe9800 JavaThread "lettuce-nioEventLoop-4-2" daemon [_thread_in_native, id=8144, stack(0x000000002f4d0000,0x000000002f5d0000)]
  0x000000001cfeb800 JavaThread "elasticsearch[_client_][transport_client_boss][T#16]" daemon [_thread_in_native, id=2208, stack(0x0000000027c90000,0x0000000027d90000)]
  0x000000001cfeb000 JavaThread "lettuce-eventExecutorLoop-2-3" daemon [_thread_blocked, id=11732, stack(0x000000002f0d0000,0x000000002f1d0000)]
  0x000000001cfee000 JavaThread "elastic-evictor-1" daemon [_thread_blocked, id=13584, stack(0x000000002efd0000,0x000000002f0d0000)]
  0x000000001cfe6000 JavaThread "SimplePauseDetectorThread_2" daemon [_thread_blocked, id=2984, stack(0x000000002eed0000,0x000000002efd0000)]
  0x000000001cfec800 JavaThread "SimplePauseDetectorThread_1" daemon [_thread_blocked, id=15472, stack(0x000000002edd0000,0x000000002eed0000)]
  0x000000001cfed000 JavaThread "SimplePauseDetectorThread_0" daemon [_thread_blocked, id=19084, stack(0x000000002ecd0000,0x000000002edd0000)]
  0x000000001cfe8800 JavaThread "Thread-46" daemon [_thread_blocked, id=17496, stack(0x000000002ebd0000,0x000000002ecd0000)]
  0x0000000023eef000 JavaThread "lettuce-eventExecutorLoop-2-2" daemon [_thread_blocked, id=15924, stack(0x000000002ead0000,0x000000002ebd0000)]
  0x0000000023eee000 JavaThread "lettuce-nioEventLoop-4-1" daemon [_thread_in_native, id=11784, stack(0x000000002e9d0000,0x000000002ead0000)]
  0x0000000023eec800 JavaThread "parallel-1" daemon [_thread_blocked, id=5280, stack(0x000000001ae80000,0x000000001af80000)]
  0x0000000023eeb000 JavaThread "DestroyJavaVM" [_thread_blocked, id=11900, stack(0x0000000002e10000,0x0000000002f10000)]
  0x0000000023eef800 JavaThread "http-nio-8080-Acceptor-0" daemon [_thread_in_native, id=868, stack(0x000000002e0d0000,0x000000002e1d0000)]
  0x0000000023ee3800 JavaThread "http-nio-8080-ClientPoller-1" daemon [_thread_in_native, id=1164, stack(0x000000002dfd0000,0x000000002e0d0000)]
  0x0000000023eea800 JavaThread "http-nio-8080-ClientPoller-0" daemon [_thread_in_native, id=7852, stack(0x000000002ded0000,0x000000002dfd0000)]
  0x0000000023ee3000 JavaThread "http-nio-8080-exec-10" daemon [_thread_blocked, id=1492, stack(0x000000002ddd0000,0x000000002ded0000)]
  0x0000000023ee9800 JavaThread "http-nio-8080-exec-9" daemon [_thread_blocked, id=9388, stack(0x000000002dcd0000,0x000000002ddd0000)]
  0x0000000023ee2000 JavaThread "http-nio-8080-exec-8" daemon [_thread_blocked, id=15180, stack(0x000000002dbd0000,0x000000002dcd0000)]
  0x0000000023ee9000 JavaThread "http-nio-8080-exec-7" daemon [_thread_blocked, id=14000, stack(0x000000002dad0000,0x000000002dbd0000)]
  0x0000000023ee1800 JavaThread "http-nio-8080-exec-6" daemon [_thread_blocked, id=5948, stack(0x000000002d9d0000,0x000000002dad0000)]
  0x0000000023ee8000 JavaThread "http-nio-8080-exec-5" daemon [_thread_blocked, id=13212, stack(0x000000002d8d0000,0x000000002d9d0000)]
  0x0000000023ee4800 JavaThread "http-nio-8080-exec-4" daemon [_thread_blocked, id=13160, stack(0x000000002d7d0000,0x000000002d8d0000)]
  0x0000000023ee6800 JavaThread "http-nio-8080-exec-3" daemon [_thread_blocked, id=15832, stack(0x000000002d6d0000,0x000000002d7d0000)]
  0x0000000023ee6000 JavaThread "http-nio-8080-exec-2" daemon [_thread_blocked, id=19688, stack(0x000000002d5d0000,0x000000002d6d0000)]
  0x0000000023ee5000 JavaThread "http-nio-8080-exec-1" daemon [_thread_blocked, id=16704, stack(0x000000002d4d0000,0x000000002d5d0000)]
  0x0000000023ee7800 JavaThread "NioBlockingSelector.BlockPoller-1" daemon [_thread_in_native, id=8732, stack(0x000000002d3d0000,0x000000002d4d0000)]
  0x000000001a8a4800 JavaThread "QuartzScheduler_communityScheduler-DESKTOP-21D8BO11591937210439_MisfireHandler" [_thread_blocked, id=15808, stack(0x000000002d2d0000,0x000000002d3d0000)]
  0x0000000023906000 JavaThread "QuartzScheduler_communityScheduler-DESKTOP-21D8BO11591937210439_ClusterManager" [_thread_blocked, id=3284, stack(0x000000002d1d0000,0x000000002d2d0000)]
  0x0000000023905800 JavaThread "kafka-coordinator-heartbeat-thread | community-consumer-group" daemon [_thread_blocked, id=9904, stack(0x000000002d0d0000,0x000000002d1d0000)]
  0x0000000023904800 JavaThread "org.springframework.kafka.KafkaListenerEndpointContainer#1-0-C-1" [_thread_in_native, id=7408, stack(0x000000002cfd0000,0x000000002d0d0000)]
  0x0000000023904000 JavaThread "ThreadPoolTaskScheduler-1" [_thread_blocked, id=16408, stack(0x000000002ced0000,0x000000002cfd0000)]
  0x000000002390a000 JavaThread "kafka-coordinator-heartbeat-thread | community-consumer-group" daemon [_thread_blocked, id=11924, stack(0x000000002cdd0000,0x000000002ced0000)]
  0x0000000023907800 JavaThread "org.springframework.kafka.KafkaListenerEndpointContainer#0-0-C-1" [_thread_in_native, id=11016, stack(0x000000002ccd0000,0x000000002cdd0000)]
  0x000000002390a800 JavaThread "ThreadPoolTaskScheduler-1" [_thread_blocked, id=17004, stack(0x000000002cbd0000,0x000000002ccd0000)]
  0x0000000023908800 JavaThread "kafka-coordinator-heartbeat-thread | community-consumer-group" daemon [_thread_blocked, id=3176, stack(0x000000002cad0000,0x000000002cbd0000)]
  0x0000000023907000 JavaThread "org.springframework.kafka.KafkaListenerEndpointContainer#3-0-C-1" [_thread_in_native, id=19920, stack(0x000000002c9d0000,0x000000002cad0000)]
  0x0000000023909000 JavaThread "ThreadPoolTaskScheduler-1" [_thread_blocked, id=19060, stack(0x000000002c8d0000,0x000000002c9d0000)]
  0x00000000238fc800 JavaThread "kafka-coordinator-heartbeat-thread | community-consumer-group" daemon [_thread_blocked, id=15520, stack(0x000000002c7d0000,0x000000002c8d0000)]
  0x00000000238fd000 JavaThread "org.springframework.kafka.KafkaListenerEndpointContainer#2-0-C-1" [_thread_in_native, id=20156, stack(0x000000002c6d0000,0x000000002c7d0000)]
  0x0000000023903000 JavaThread "ThreadPoolTaskScheduler-1" [_thread_blocked, id=14836, stack(0x000000002c5d0000,0x000000002c6d0000)]
  0x00000000238fe000 JavaThread "elasticsearch[_client_][generic][T#4]" daemon [_thread_blocked, id=14824, stack(0x00000000294a0000,0x00000000295a0000)]
  0x0000000023900000 JavaThread "elasticsearch[_client_][generic][T#3]" daemon [_thread_blocked, id=9888, stack(0x00000000291a0000,0x00000000292a0000)]
  0x00000000238fb800 JavaThread "File Watcher" daemon [_thread_blocked, id=11992, stack(0x00000000290a0000,0x00000000291a0000)]
  0x0000000023902800 JavaThread "elasticsearch[_client_][transport_client_boss][T#15]" daemon [_thread_in_native, id=15760, stack(0x0000000027f90000,0x0000000028090000)]
  0x00000000238ff800 JavaThread "elasticsearch[_client_][generic][T#2]" daemon [_thread_blocked, id=11044, stack(0x0000000027e90000,0x0000000027f90000)]
  0x00000000238fe800 JavaThread "communityScheduler_QuartzSchedulerThread" [_thread_blocked, id=14052, stack(0x0000000027d90000,0x0000000027e90000)]
  0x000000001a8a8000 JavaThread "communityScheduler_Worker-5" [_thread_blocked, id=17008, stack(0x0000000027a90000,0x0000000027b90000)]
  0x000000001a8a5000 JavaThread "communityScheduler_Worker-4" [_thread_blocked, id=15888, stack(0x0000000027990000,0x0000000027a90000)]
  0x000000001a8a3800 JavaThread "communityScheduler_Worker-3" [_thread_blocked, id=16900, stack(0x0000000027890000,0x0000000027990000)]
  0x000000001a8a6000 JavaThread "communityScheduler_Worker-2" [_thread_blocked, id=15884, stack(0x0000000027790000,0x0000000027890000)]
  0x000000001a8a6800 JavaThread "communityScheduler_Worker-1" [_thread_blocked, id=4364, stack(0x0000000027690000,0x0000000027790000)]
  0x000000001a8a2800 JavaThread "HikariPool-1 housekeeper" daemon [_thread_blocked, id=12464, stack(0x0000000024c70000,0x0000000024d70000)]
  0x000000001a8a1000 JavaThread "Live Reload Server" daemon [_thread_in_native, id=14844, stack(0x0000000024d70000,0x0000000024e70000)]
  0x000000001a8a2000 JavaThread "container-0" [_thread_blocked, id=3456, stack(0x0000000024770000,0x0000000024870000)]
  0x000000001a8a7800 JavaThread "Catalina-utility-2" [_thread_blocked, id=10572, stack(0x0000000024670000,0x0000000024770000)]
  0x000000001a899800 JavaThread "Catalina-utility-1" [_thread_blocked, id=19660, stack(0x0000000024570000,0x0000000024670000)]
  0x000000001a89a800 JavaThread "lettuce-eventExecutorLoop-2-1" daemon [_thread_blocked, id=13780, stack(0x00000000234a0000,0x00000000235a0000)]
  0x000000001a89d800 JavaThread "I/O dispatcher 8" [_thread_in_native, id=14368, stack(0x00000000231a0000,0x00000000232a0000)]
  0x000000001a89e000 JavaThread "I/O dispatcher 7" [_thread_in_native, id=17832, stack(0x00000000230a0000,0x00000000231a0000)]
  0x000000001a8a0800 JavaThread "I/O dispatcher 6" [_thread_in_native, id=12368, stack(0x0000000022fa0000,0x00000000230a0000)]
  0x000000001a89c800 JavaThread "I/O dispatcher 5" [_thread_in_native, id=14376, stack(0x0000000022ea0000,0x0000000022fa0000)]
  0x000000001a89b000 JavaThread "I/O dispatcher 4" [_thread_in_native, id=6112, stack(0x0000000022da0000,0x0000000022ea0000)]
  0x000000001a89c000 JavaThread "I/O dispatcher 3" [_thread_in_native, id=15940, stack(0x0000000022ca0000,0x0000000022da0000)]
  0x000000001a89f000 JavaThread "I/O dispatcher 2" [_thread_in_native, id=716, stack(0x0000000022ba0000,0x0000000022ca0000)]
  0x000000001a899000 JavaThread "I/O dispatcher 1" [_thread_in_native, id=17548, stack(0x0000000022aa0000,0x0000000022ba0000)]
  0x000000001a89f800 JavaThread "pool-1-thread-1" [_thread_in_native, id=13972, stack(0x00000000229a0000,0x0000000022aa0000)]
  0x000000001ceec000 JavaThread "elasticsearch[_client_][transport_client_boss][T#14]" daemon [_thread_in_native, id=15740, stack(0x0000000020870000,0x0000000020970000)]
  0x000000001ceeb000 JavaThread "elasticsearch[_client_][transport_client_boss][T#13]" daemon [_thread_in_native, id=19324, stack(0x0000000020070000,0x0000000020170000)]
  0x000000001ceea800 JavaThread "elasticsearch[_client_][transport_client_boss][T#12]" daemon [_thread_in_native, id=3796, stack(0x0000000020770000,0x0000000020870000)]
  0x000000001cef1000 JavaThread "elasticsearch[_client_][transport_client_boss][T#11]" daemon [_thread_in_native, id=4376, stack(0x0000000020670000,0x0000000020770000)]
  0x000000001cef0800 JavaThread "elasticsearch[_client_][transport_client_boss][T#10]" daemon [_thread_in_native, id=3576, stack(0x0000000020570000,0x0000000020670000)]
  0x000000001ceed800 JavaThread "elasticsearch[_client_][transport_client_boss][T#9]" daemon [_thread_in_native, id=15684, stack(0x0000000020470000,0x0000000020570000)]
  0x000000001ceef800 JavaThread "elasticsearch[_client_][transport_client_boss][T#8]" daemon [_thread_in_native, id=16788, stack(0x0000000020370000,0x0000000020470000)]
  0x000000001ceee000 JavaThread "elasticsearch[_client_][transport_client_boss][T#7]" daemon [_thread_in_native, id=8948, stack(0x0000000020270000,0x0000000020370000)]
  0x000000001ceec800 JavaThread "elasticsearch[_client_][transport_client_boss][T#6]" daemon [_thread_in_native, id=18200, stack(0x0000000020170000,0x0000000020270000)]
  0x000000001ceef000 JavaThread "elasticsearch[_client_][transport_client_boss][T#5]" daemon [_thread_in_native, id=12224, stack(0x000000001ff70000,0x0000000020070000)]
  0x000000001ad12800 JavaThread "elasticsearch[_client_][transport_client_boss][T#4]" daemon [_thread_in_native, id=13572, stack(0x000000001fe70000,0x000000001ff70000)]
  0x000000001ad12000 JavaThread "elasticsearch[_client_][transport_client_boss][T#3]" daemon [_thread_in_native, id=15172, stack(0x000000001fd70000,0x000000001fe70000)]
  0x000000001ad18000 JavaThread "elasticsearch[_client_][transport_client_boss][T#2]" daemon [_thread_in_native, id=4520, stack(0x000000001fc70000,0x000000001fd70000)]
  0x000000001ad14000 JavaThread "elasticsearch[_client_][generic][T#1]" daemon [_thread_blocked, id=19728, stack(0x000000001fb70000,0x000000001fc70000)]
  0x000000001ad16800 JavaThread "elasticsearch[_client_][transport_client_boss][T#1]" daemon [_thread_in_native, id=18112, stack(0x000000001e450000,0x000000001e550000)]
  0x000000001ad11000 JavaThread "elasticsearch[_client_][scheduler][T#1]" daemon [_thread_blocked, id=1360, stack(0x000000001e550000,0x000000001e650000)]
  0x000000001ad13800 JavaThread "elasticsearch[_client_][[timer]]" daemon [_thread_blocked, id=13740, stack(0x000000001da50000,0x000000001db50000)]
  0x000000001ad17000 JavaThread "mysql-cj-abandoned-connection-cleanup" daemon [_thread_blocked, id=9432, stack(0x000000001af80000,0x000000001b080000)]
  0x0000000018dce800 JavaThread "RMI Scheduler(0)" daemon [_thread_blocked, id=8136, stack(0x0000000019cb0000,0x0000000019db0000)]
  0x0000000018cfd800 JavaThread "RMI TCP Accept-0" daemon [_thread_in_native, id=15892, stack(0x0000000019500000,0x0000000019600000)]
  0x0000000018cef800 JavaThread "RMI TCP Accept-63220" daemon [_thread_in_native, id=4880, stack(0x0000000019400000,0x0000000019500000)]
  0x0000000018ceb000 JavaThread "RMI TCP Accept-0" daemon [_thread_in_native, id=7264, stack(0x0000000019300000,0x0000000019400000)]
  0x0000000018a32800 JavaThread "Service Thread" daemon [_thread_blocked, id=19208, stack(0x0000000019200000,0x0000000019300000)]
  0x0000000018a11000 JavaThread "C1 CompilerThread3" daemon [_thread_blocked, id=12796, stack(0x0000000019100000,0x0000000019200000)]
  0x0000000018a0d800 JavaThread "C2 CompilerThread2" daemon [_thread_blocked, id=19404, stack(0x0000000019000000,0x0000000019100000)]
  0x0000000018a0d000 JavaThread "C2 CompilerThread1" daemon [_thread_blocked, id=17624, stack(0x0000000018f00000,0x0000000019000000)]
  0x0000000018a0a000 JavaThread "C2 CompilerThread0" daemon [_thread_blocked, id=17232, stack(0x0000000018e00000,0x0000000018f00000)]
  0x0000000017c54800 JavaThread "JDWP Command Reader" daemon [_thread_in_native, id=6748, stack(0x0000000018500000,0x0000000018600000)]
  0x0000000017c51800 JavaThread "JDWP Event Helper Thread" daemon [_thread_blocked, id=788, stack(0x0000000018400000,0x0000000018500000)]
  0x0000000017c4f800 JavaThread "JDWP Transport Listener: dt_socket" daemon [_thread_blocked, id=15768, stack(0x0000000018300000,0x0000000018400000)]
  0x0000000017be5800 JavaThread "Attach Listener" daemon [_thread_blocked, id=12924, stack(0x0000000018200000,0x0000000018300000)]
  0x0000000017c3d000 JavaThread "Signal Dispatcher" daemon [_thread_blocked, id=10764, stack(0x0000000018100000,0x0000000018200000)]
  0x0000000015ce8000 JavaThread "Finalizer" daemon [_thread_blocked, id=20048, stack(0x0000000017fa0000,0x00000000180a0000)]
  0x0000000015cdf000 JavaThread "Reference Handler" daemon [_thread_blocked, id=6816, stack(0x0000000017aa0000,0x0000000017ba0000)]

Other Threads:
  0x0000000015cd8800 VMThread [stack: 0x00000000179a0000,0x0000000017aa0000] [id=20060]
  0x0000000018d00000 WatcherThread [stack: 0x0000000019600000,0x0000000019700000] [id=16344]

VM state:not at safepoint (normal execution)

VM Mutex/Monitor currently owned by a thread: None

Heap:
 PSYoungGen      total 232960K, used 98669K [0x00000000eab00000, 0x0000000100000000, 0x0000000100000000)
  eden space 116736K, 75% used [0x00000000eab00000,0x00000000f00882f8,0x00000000f1d00000)
  from space 116224K, 9% used [0x00000000f1d00000,0x00000000f27d3118,0x00000000f8e80000)
  to   space 116224K, 0% used [0x00000000f8e80000,0x00000000f8e80000,0x0000000100000000)
 ParOldGen       total 501248K, used 200265K [0x00000000c0000000, 0x00000000de980000, 0x00000000eab00000)
  object space 501248K, 39% used [0x00000000c0000000,0x00000000cc392438,0x00000000de980000)
 Metaspace       used 83212K, capacity 88678K, committed 88880K, reserved 1126400K
  class space    used 11161K, capacity 12306K, committed 12336K, reserved 1048576K

Card table byte_map: [0x0000000012580000,0x0000000012790000] byte_map_base: 0x0000000011f80000

Marking Bits: (ParMarkBitMap*) 0x0000000067970860
 Begin Bits: [0x00000000130f0000, 0x00000000140f0000)
 End Bits:   [0x00000000140f0000, 0x00000000150f0000)

Polling page: 0x00000000009f0000

CodeCache: size=245760Kb used=18874Kb max_used=18874Kb free=226886Kb
 bounds [0x00000000031c0000, 0x0000000004440000, 0x00000000121c0000]
 total_blobs=10437 nmethods=9653 adapters=701
 compilation: enabled

Compilation events (10 events):
Event: 219.372 Thread 0x0000000018a11000 9813   !   1       com.mysql.cj.protocol.a.NativeProtocol::sendQueryPacket (913 bytes)
Event: 219.377 Thread 0x0000000018a11000 nmethod 9813 0x0000000004426c50 code [0x00000000044271e0, 0x000000000442a6d8]
Event: 219.377 Thread 0x0000000018a11000 9814       1       com.mysql.cj.util.LazyString::<init> (20 bytes)
Event: 219.377 Thread 0x0000000018a11000 nmethod 9814 0x000000000442ff50 code [0x00000000044300a0, 0x00000000044301d0]
Event: 221.946 Thread 0x0000000018a11000 9815       1       org.elasticsearch.transport.ConnectionProfile::getNumConnections (5 bytes)
Event: 221.946 Thread 0x0000000018a11000 nmethod 9815 0x0000000004430250 code [0x00000000044303a0, 0x00000000044304b0]
Event: 221.948 Thread 0x0000000018a11000 9817       1       org.elasticsearch.threadpool.ThreadPool::executor (55 bytes)
Event: 221.949 Thread 0x0000000018a11000 nmethod 9817 0x0000000004430510 code [0x00000000044306e0, 0x0000000004430b38]
Event: 221.949 Thread 0x0000000018a11000 9816       1       org.elasticsearch.common.io.stream.StreamInput::getVersion (5 bytes)
Event: 221.949 Thread 0x0000000018a11000 nmethod 9816 0x0000000004430e90 code [0x0000000004430fe0, 0x00000000044310f0]

GC Heap History (10 events):
Event: 13.949 GC heap before
{Heap before GC invocations=13 (full 3):
 PSYoungGen      total 283648K, used 267776K [0x00000000eab00000, 0x0000000100000000, 0x0000000100000000)
  eden space 267776K, 100% used [0x00000000eab00000,0x00000000fb080000,0x00000000fb080000)
  from space 15872K, 0% used [0x00000000fb080000,0x00000000fb080000,0x00000000fc000000)
  to   space 59392K, 0% used [0x00000000fc600000,0x00000000fc600000,0x0000000100000000)
 ParOldGen       total 302080K, used 85228K [0x00000000c0000000, 0x00000000d2700000, 0x00000000eab00000)
  object space 302080K, 28% used [0x00000000c0000000,0x00000000c533b0b0,0x00000000d2700000)
 Metaspace       used 63512K, capacity 67586K, committed 67760K, reserved 1107968K
  class space    used 8645K, capacity 9574K, committed 9648K, reserved 1048576K
Event: 13.988 GC heap after
Heap after GC invocations=13 (full 3):
 PSYoungGen      total 254976K, used 59361K [0x00000000eab00000, 0x0000000100000000, 0x0000000100000000)
  eden space 195584K, 0% used [0x00000000eab00000,0x00000000eab00000,0x00000000f6a00000)
  from space 59392K, 99% used [0x00000000fc600000,0x00000000ffff85f8,0x0000000100000000)
  to   space 76800K, 0% used [0x00000000f6a00000,0x00000000f6a00000,0x00000000fb500000)
 ParOldGen       total 302080K, used 104753K [0x00000000c0000000, 0x00000000d2700000, 0x00000000eab00000)
  object space 302080K, 34% used [0x00000000c0000000,0x00000000c664c698,0x00000000d2700000)
 Metaspace       used 63512K, capacity 67586K, committed 67760K, reserved 1107968K
  class space    used 8645K, capacity 9574K, committed 9648K, reserved 1048576K
}
Event: 15.077 GC heap before
{Heap before GC invocations=14 (full 3):
 PSYoungGen      total 254976K, used 254945K [0x00000000eab00000, 0x0000000100000000, 0x0000000100000000)
  eden space 195584K, 100% used [0x00000000eab00000,0x00000000f6a00000,0x00000000f6a00000)
  from space 59392K, 99% used [0x00000000fc600000,0x00000000ffff85f8,0x0000000100000000)
  to   space 76800K, 0% used [0x00000000f6a00000,0x00000000f6a00000,0x00000000fb500000)
 ParOldGen       total 302080K, used 104753K [0x00000000c0000000, 0x00000000d2700000, 0x00000000eab00000)
  object space 302080K, 34% used [0x00000000c0000000,0x00000000c664c698,0x00000000d2700000)
 Metaspace       used 71576K, capacity 76064K, committed 76336K, reserved 1114112K
  class space    used 9718K, capacity 10717K, committed 10800K, reserved 1048576K
Event: 15.107 GC heap after
Heap after GC invocations=14 (full 3):
 PSYoungGen      total 267776K, used 72046K [0x00000000eab00000, 0x0000000100000000, 0x0000000100000000)
  eden space 195584K, 0% used [0x00000000eab00000,0x00000000eab00000,0x00000000f6a00000)
  from space 72192K, 99% used [0x00000000f6a00000,0x00000000fb05b898,0x00000000fb080000)
  to   space 81408K, 0% used [0x00000000fb080000,0x00000000fb080000,0x0000000100000000)
 ParOldGen       total 302080K, used 121145K [0x00000000c0000000, 0x00000000d2700000, 0x00000000eab00000)
  object space 302080K, 40% used [0x00000000c0000000,0x00000000c764e6a8,0x00000000d2700000)
 Metaspace       used 71576K, capacity 76064K, committed 76336K, reserved 1114112K
  class space    used 9718K, capacity 10717K, committed 10800K, reserved 1048576K
}
Event: 32.244 GC heap before
{Heap before GC invocations=15 (full 3):
 PSYoungGen      total 267776K, used 267630K [0x00000000eab00000, 0x0000000100000000, 0x0000000100000000)
  eden space 195584K, 100% used [0x00000000eab00000,0x00000000f6a00000,0x00000000f6a00000)
  from space 72192K, 99% used [0x00000000f6a00000,0x00000000fb05b898,0x00000000fb080000)
  to   space 81408K, 0% used [0x00000000fb080000,0x00000000fb080000,0x0000000100000000)
 ParOldGen       total 302080K, used 121145K [0x00000000c0000000, 0x00000000d2700000, 0x00000000eab00000)
  object space 302080K, 40% used [0x00000000c0000000,0x00000000c764e6a8,0x00000000d2700000)
 Metaspace       used 80516K, capacity 85842K, committed 86064K, reserved 1124352K
  class space    used 10860K, capacity 11992K, committed 12080K, reserved 1048576K
Event: 32.290 GC heap after
Heap after GC invocations=15 (full 3):
 PSYoungGen      total 198144K, used 81387K [0x00000000eab00000, 0x0000000100000000, 0x0000000100000000)
  eden space 116736K, 0% used [0x00000000eab00000,0x00000000eab00000,0x00000000f1d00000)
  from space 81408K, 99% used [0x00000000fb080000,0x00000000fffface8,0x0000000100000000)
  to   space 116224K, 0% used [0x00000000f1d00000,0x00000000f1d00000,0x00000000f8e80000)
 ParOldGen       total 302080K, used 231798K [0x00000000c0000000, 0x00000000d2700000, 0x00000000eab00000)
  object space 302080K, 76% used [0x00000000c0000000,0x00000000ce25d940,0x00000000d2700000)
 Metaspace       used 80516K, capacity 85842K, committed 86064K, reserved 1124352K
  class space    used 10860K, capacity 11992K, committed 12080K, reserved 1048576K
}
Event: 32.290 GC heap before
{Heap before GC invocations=16 (full 4):
 PSYoungGen      total 198144K, used 81387K [0x00000000eab00000, 0x0000000100000000, 0x0000000100000000)
  eden space 116736K, 0% used [0x00000000eab00000,0x00000000eab00000,0x00000000f1d00000)
  from space 81408K, 99% used [0x00000000fb080000,0x00000000fffface8,0x0000000100000000)
  to   space 116224K, 0% used [0x00000000f1d00000,0x00000000f1d00000,0x00000000f8e80000)
 ParOldGen       total 302080K, used 231798K [0x00000000c0000000, 0x00000000d2700000, 0x00000000eab00000)
  object space 302080K, 76% used [0x00000000c0000000,0x00000000ce25d940,0x00000000d2700000)
 Metaspace       used 80516K, capacity 85842K, committed 86064K, reserved 1124352K
  class space    used 10860K, capacity 11992K, committed 12080K, reserved 1048576K
Event: 32.411 GC heap after
Heap after GC invocations=16 (full 4):
 PSYoungGen      total 198144K, used 0K [0x00000000eab00000, 0x0000000100000000, 0x0000000100000000)
  eden space 116736K, 0% used [0x00000000eab00000,0x00000000eab00000,0x00000000f1d00000)
  from space 81408K, 0% used [0x00000000fb080000,0x00000000fb080000,0x0000000100000000)
  to   space 116224K, 0% used [0x00000000f1d00000,0x00000000f1d00000,0x00000000f8e80000)
 ParOldGen       total 501248K, used 200257K [0x00000000c0000000, 0x00000000de980000, 0x00000000eab00000)
  object space 501248K, 39% used [0x00000000c0000000,0x00000000cc390438,0x00000000de980000)
 Metaspace       used 80399K, capacity 85592K, committed 86064K, reserved 1124352K
  class space    used 10834K, capacity 11947K, committed 12080K, reserved 1048576K
}
Event: 163.796 GC heap before
{Heap before GC invocations=17 (full 4):
 PSYoungGen      total 198144K, used 116736K [0x00000000eab00000, 0x0000000100000000, 0x0000000100000000)
  eden space 116736K, 100% used [0x00000000eab00000,0x00000000f1d00000,0x00000000f1d00000)
  from space 81408K, 0% used [0x00000000fb080000,0x00000000fb080000,0x0000000100000000)
  to   space 116224K, 0% used [0x00000000f1d00000,0x00000000f1d00000,0x00000000f8e80000)
 ParOldGen       total 501248K, used 200257K [0x00000000c0000000, 0x00000000de980000, 0x00000000eab00000)
  object space 501248K, 39% used [0x00000000c0000000,0x00000000cc390438,0x00000000de980000)
 Metaspace       used 82920K, capacity 88302K, committed 88368K, reserved 1126400K
  class space    used 11158K, capacity 12300K, committed 12336K, reserved 1048576K
Event: 163.808 GC heap after
Heap after GC invocations=17 (full 4):
 PSYoungGen      total 232960K, used 11084K [0x00000000eab00000, 0x0000000100000000, 0x0000000100000000)
  eden space 116736K, 0% used [0x00000000eab00000,0x00000000eab00000,0x00000000f1d00000)
  from space 116224K, 9% used [0x00000000f1d00000,0x00000000f27d3118,0x00000000f8e80000)
  to   space 116224K, 0% used [0x00000000f8e80000,0x00000000f8e80000,0x0000000100000000)
 ParOldGen       total 501248K, used 200265K [0x00000000c0000000, 0x00000000de980000, 0x00000000eab00000)
  object space 501248K, 39% used [0x00000000c0000000,0x00000000cc392438,0x00000000de980000)
 Metaspace       used 82920K, capacity 88302K, committed 88368K, reserved 1126400K
  class space    used 11158K, capacity 12300K, committed 12336K, reserved 1048576K
}

Deoptimization events (0 events):
No events

Classes redefined (0 events):
No events

Internal exceptions (10 events):
Event: 163.976 Thread 0x000000002ff88000 Implicit null exception at 0x0000000003e5b639 to 0x0000000003e5b6b4
Event: 163.976 Thread 0x000000002ff88000 Exception <a 'java/lang/NullPointerException'> (0x00000000eb7917a0) thrown at [C:\re\workspace\8-2-build-windows-amd64-cygwin\jdk8u162\10278\hotspot\src\share\vm\runtime\sharedRuntime.cpp, line 605]
Event: 163.976 Thread 0x000000002ff8a000 Implicit null exception at 0x0000000003e5b639 to 0x0000000003e5b6b4
Event: 163.976 Thread 0x000000002ff8a000 Exception <a 'java/lang/NullPointerException'> (0x00000000eb7699d8) thrown at [C:\re\workspace\8-2-build-windows-amd64-cygwin\jdk8u162\10278\hotspot\src\share\vm\runtime\sharedRuntime.cpp, line 605]
Event: 163.976 Thread 0x000000002ff87000 Implicit null exception at 0x0000000003e5b639 to 0x0000000003e5b6b4
Event: 163.976 Thread 0x000000002ff87000 Exception <a 'java/lang/NullPointerException'> (0x00000000eb784300) thrown at [C:\re\workspace\8-2-build-windows-amd64-cygwin\jdk8u162\10278\hotspot\src\share\vm\runtime\sharedRuntime.cpp, line 605]
Event: 163.977 Thread 0x000000002ff86800 Implicit null exception at 0x0000000003e5b639 to 0x0000000003e5b6b4
Event: 163.977 Thread 0x000000002ff86800 Exception <a 'java/lang/NullPointerException'> (0x00000000eb776e60) thrown at [C:\re\workspace\8-2-build-windows-amd64-cygwin\jdk8u162\10278\hotspot\src\share\vm\runtime\sharedRuntime.cpp, line 605]
Event: 163.979 Thread 0x000000001cff0000 Implicit null exception at 0x0000000003e5b639 to 0x0000000003e5b6b4
Event: 163.979 Thread 0x000000001cff0000 Exception <a 'java/lang/NullPointerException'> (0x00000000eb2c6bb8) thrown at [C:\re\workspace\8-2-build-windows-amd64-cygwin\jdk8u162\10278\hotspot\src\share\vm\runtime\sharedRuntime.cpp, line 605]

Events (10 events):
Event: 221.944 Executing VM operation: RevokeBias
Event: 221.944 Executing VM operation: RevokeBias done
Event: 221.944 Executing VM operation: RevokeBias
Event: 221.945 Executing VM operation: RevokeBias done
Event: 221.948 Executing VM operation: RevokeBias
Event: 221.948 Executing VM operation: RevokeBias done
Event: 224.448 Executing VM operation: RevokeBias
Event: 224.448 Executing VM operation: RevokeBias done
Event: 224.448 Thread 0x000000001cff0000 Thread exited: 0x000000001cff0000
Event: 224.639 Thread 0x000000003001d000 Thread added: 0x000000003001d000


Dynamic libraries:
0x00007ff6c19b0000 - 0x00007ff6c19e7000 	C:\Program Files\Java\jdk1.8.0_162\bin\java.exe
0x00007ffac0320000 - 0x00007ffac0510000 	C:\WINDOWS\SYSTEM32\ntdll.dll
0x00007ffabfdb0000 - 0x00007ffabfe62000 	C:\WINDOWS\System32\KERNEL32.DLL
0x00007ffabdf50000 - 0x00007ffabe1f4000 	C:\WINDOWS\System32\KERNELBASE.dll
0x00007ffabe860000 - 0x00007ffabe903000 	C:\WINDOWS\System32\ADVAPI32.dll
0x00007ffabfbd0000 - 0x00007ffabfc6e000 	C:\WINDOWS\System32\msvcrt.dll
0x00007ffabfc70000 - 0x00007ffabfd07000 	C:\WINDOWS\System32\sechost.dll
0x00007ffabfe70000 - 0x00007ffabff90000 	C:\WINDOWS\System32\RPCRT4.dll
0x00007ffabff90000 - 0x00007ffac0124000 	C:\WINDOWS\System32\USER32.dll
0x00007ffabdef0000 - 0x00007ffabdf11000 	C:\WINDOWS\System32\win32u.dll
0x00007ffabfd10000 - 0x00007ffabfd36000 	C:\WINDOWS\System32\GDI32.dll
0x00007ffabd3b0000 - 0x00007ffabd544000 	C:\WINDOWS\System32\gdi32full.dll
0x00007ffabe200000 - 0x00007ffabe29e000 	C:\WINDOWS\System32\msvcp_win.dll
0x00007ffabd2b0000 - 0x00007ffabd3aa000 	C:\WINDOWS\System32\ucrtbase.dll
0x00007ffab1550000 - 0x00007ffab17d4000 	C:\WINDOWS\WinSxS\amd64_microsoft.windows.common-controls_6595b64144ccf1df_6.0.18362.836_none_e6c4b943130f18ed\COMCTL32.dll
0x00007ffabe510000 - 0x00007ffabe846000 	C:\WINDOWS\System32\combase.dll
0x00007ffabd550000 - 0x00007ffabd5d0000 	C:\WINDOWS\System32\bcryptPrimitives.dll
0x00007ffabe910000 - 0x00007ffabe93e000 	C:\WINDOWS\System32\IMM32.DLL
0x00000000679f0000 - 0x0000000067ac1000 	C:\Program Files\Java\jdk1.8.0_162\jre\bin\msvcr100.dll
0x0000000067150000 - 0x00000000679f0000 	C:\Program Files\Java\jdk1.8.0_162\jre\bin\server\jvm.dll
0x00007ffabe940000 - 0x00007ffabe948000 	C:\WINDOWS\System32\PSAPI.DLL
0x00007ffab3d40000 - 0x00007ffab3d49000 	C:\WINDOWS\SYSTEM32\WSOCK32.dll
0x00007ffab9a20000 - 0x00007ffab9a44000 	C:\WINDOWS\SYSTEM32\WINMM.dll
0x00007ffabfd40000 - 0x00007ffabfdaf000 	C:\WINDOWS\System32\WS2_32.dll
0x00007ffab4010000 - 0x00007ffab401a000 	C:\WINDOWS\SYSTEM32\VERSION.dll
0x00007ffab99f0000 - 0x00007ffab9a1d000 	C:\WINDOWS\SYSTEM32\WINMMBASE.dll
0x00007ffabd5d0000 - 0x00007ffabd61a000 	C:\WINDOWS\System32\cfgmgr32.dll
0x0000000067140000 - 0x000000006714f000 	C:\Program Files\Java\jdk1.8.0_162\jre\bin\verify.dll
0x0000000067110000 - 0x0000000067139000 	C:\Program Files\Java\jdk1.8.0_162\jre\bin\java.dll
0x0000000066f00000 - 0x0000000066f35000 	C:\Program Files\Java\jdk1.8.0_162\jre\bin\jdwp.dll
0x0000000066fd0000 - 0x0000000066fd8000 	C:\Program Files\Java\jdk1.8.0_162\jre\bin\npt.dll
0x0000000066f80000 - 0x0000000066fa3000 	C:\Program Files\Java\jdk1.8.0_162\jre\bin\instrument.dll
0x00000000670f0000 - 0x0000000067106000 	C:\Program Files\Java\jdk1.8.0_162\jre\bin\zip.dll
0x00007ffabf180000 - 0x00007ffabf864000 	C:\WINDOWS\System32\SHELL32.dll
0x00007ffabfb20000 - 0x00007ffabfbc9000 	C:\WINDOWS\System32\shcore.dll
0x00007ffabd770000 - 0x00007ffabdeee000 	C:\WINDOWS\System32\windows.storage.dll
0x00007ffabd210000 - 0x00007ffabd233000 	C:\WINDOWS\System32\profapi.dll
0x00007ffabd260000 - 0x00007ffabd2aa000 	C:\WINDOWS\System32\powrprof.dll
0x00007ffabd1e0000 - 0x00007ffabd1f0000 	C:\WINDOWS\System32\UMPDC.dll
0x00007ffabf100000 - 0x00007ffabf152000 	C:\WINDOWS\System32\shlwapi.dll
0x00007ffabd1f0000 - 0x00007ffabd201000 	C:\WINDOWS\System32\kernel.appcore.dll
0x00007ffabe350000 - 0x00007ffabe367000 	C:\WINDOWS\System32\cryptsp.dll
0x0000000066e70000 - 0x0000000066e79000 	C:\Program Files\Java\jdk1.8.0_162\jre\bin\dt_socket.dll
0x00007ffabca50000 - 0x00007ffabcab7000 	C:\WINDOWS\system32\mswsock.dll
0x00007ffabc5c0000 - 0x00007ffabc5f3000 	C:\WINDOWS\system32\rsaenh.dll
0x00007ffabdf20000 - 0x00007ffabdf46000 	C:\WINDOWS\System32\bcrypt.dll
0x00007ffabd100000 - 0x00007ffabd125000 	C:\WINDOWS\SYSTEM32\USERENV.dll
0x00007ffabcc20000 - 0x00007ffabcc2c000 	C:\WINDOWS\SYSTEM32\CRYPTBASE.dll
0x00000000670d0000 - 0x00000000670ea000 	C:\Program Files\Java\jdk1.8.0_162\jre\bin\net.dll
0x00007ffabc760000 - 0x00007ffabc79a000 	C:\WINDOWS\SYSTEM32\IPHLPAPI.DLL
0x00007ffabe850000 - 0x00007ffabe858000 	C:\WINDOWS\System32\NSI.dll
0x00007ffab8890000 - 0x00007ffab88a6000 	C:\WINDOWS\SYSTEM32\dhcpcsvc6.DLL
0x00007ffab8870000 - 0x00007ffab888c000 	C:\WINDOWS\SYSTEM32\dhcpcsvc.DLL
0x00007ffabc7a0000 - 0x00007ffabc86b000 	C:\WINDOWS\SYSTEM32\DNSAPI.dll
0x0000000066fb0000 - 0x0000000066fc1000 	C:\Program Files\Java\jdk1.8.0_162\jre\bin\nio.dll
0x00000000670c0000 - 0x00000000670cd000 	C:\Program Files\Java\jdk1.8.0_162\jre\bin\management.dll
0x00007ffa95890000 - 0x00007ffa958a6000 	C:\WINDOWS\system32\napinsp.dll
0x00007ffa95870000 - 0x00007ffa9588a000 	C:\WINDOWS\system32\pnrpnsp.dll
0x00007ffa9f810000 - 0x00007ffa9f81e000 	C:\WINDOWS\System32\winrnr.dll
0x00007ffab9b60000 - 0x00007ffab9b7c000 	C:\WINDOWS\system32\NLAapi.dll
0x00007ffaa3cd0000 - 0x00007ffaa3ce5000 	C:\WINDOWS\system32\wshbth.dll
0x00007ffab8c00000 - 0x00007ffab8c0a000 	C:\Windows\System32\rasadhlp.dll
0x00007ffab0f30000 - 0x00007ffab0fa7000 	C:\WINDOWS\System32\fwpuclnt.dll
0x0000000180000000 - 0x00000001801f0000 	F:\javaweb\apache-tomcat-8.0.53\bin\tcnative-1.dll
0x0000000066ed0000 - 0x0000000066ef4000 	C:\Program Files\Java\jdk1.8.0_162\jre\bin\sunec.dll
0x0000000066e10000 - 0x0000000066e1b000 	C:\Program Files\Java\jdk1.8.0_162\jre\bin\sunmscapi.dll
0x00007ffabd620000 - 0x00007ffabd769000 	C:\WINDOWS\System32\CRYPT32.dll
0x00007ffabd240000 - 0x00007ffabd252000 	C:\WINDOWS\System32\MSASN1.dll

VM Arguments:
jvm_args: -agentlib:jdwp=transport=dt_socket,address=127.0.0.1:63221,suspend=y,server=n -ea -Xmx1024m -XX:TieredStopAtLevel=1 -Xverify:none -Dspring.output.ansi.enabled=always -Dcom.sun.management.jmxremote -Dcom.sun.management.jmxremote.port=63220 -Dcom.sun.management.jmxremote.authenticate=false -Dcom.sun.management.jmxremote.ssl=false -Djava.rmi.server.hostname=localhost -Dspring.liveBeansView.mbeanDomain -Dspring.application.admin.enabled=true -javaagent:C:\Users\zhaoyan\.IntelliJIdea2018.3\system\captureAgent\debugger-agent.jar -Dfile.encoding=UTF-8 
java_command: com.nowcoder.community.CommunityApplication
java_class_path (initial): C:\Program Files\Java\jdk1.8.0_162\jre\lib\charsets.jar;C:\Program Files\Java\jdk1.8.0_162\jre\lib\deploy.jar;C:\Program Files\Java\jdk1.8.0_162\jre\lib\ext\access-bridge-64.jar;C:\Program Files\Java\jdk1.8.0_162\jre\lib\ext\cldrdata.jar;C:\Program Files\Java\jdk1.8.0_162\jre\lib\ext\dnsns.jar;C:\Program Files\Java\jdk1.8.0_162\jre\lib\ext\jaccess.jar;C:\Program Files\Java\jdk1.8.0_162\jre\lib\ext\jfxrt.jar;C:\Program Files\Java\jdk1.8.0_162\jre\lib\ext\localedata.jar;C:\Program Files\Java\jdk1.8.0_162\jre\lib\ext\nashorn.jar;C:\Program Files\Java\jdk1.8.0_162\jre\lib\ext\sunec.jar;C:\Program Files\Java\jdk1.8.0_162\jre\lib\ext\sunjce_provider.jar;C:\Program Files\Java\jdk1.8.0_162\jre\lib\ext\sunmscapi.jar;C:\Program Files\Java\jdk1.8.0_162\jre\lib\ext\sunpkcs11.jar;C:\Program Files\Java\jdk1.8.0_162\jre\lib\ext\zipfs.jar;C:\Program Files\Java\jdk1.8.0_162\jre\lib\javaws.jar;C:\Program Files\Java\jdk1.8.0_162\jre\lib\jce.jar;C:\Program Files\Java\jdk1.8.0_162\jre\lib\jfr.jar;C:\Program Files\Java\jdk1.8.0_162\jre\lib\jfxswt.jar;C:\Program Files\Java\jdk1.8.0_162\jre\lib\jsse.jar;C:\Program Files\Java\jdk1.8.0_162\jre\lib\management-agent.jar;C:\Program Files\Java\jdk1.8.0_162\jre\lib\plugin.jar;C:\Program Files\Java\jdk1.8.0_162\jre\lib\resources.jar;C:\Program Files\Java\jdk1.8.0_162\jre\lib\rt.jar;F:\javaweb\projectSpace\community\target\classes;C:\Users\zhaoyan\.m2\repository\org\springframework\boot\spring-boot-starter-web\2.1.5.RELEASE\spring-boot-starter-web-2.1.5.RELEASE.jar;C:\Users\zhaoyan\.m2\repository\org\springframework\boot\spring-boot-starter\2.1.5.RELEASE\spring-boot-starter-2.1.5.RELEASE.jar;C:\Users\zhaoyan\.m2\repository\org\springframework\boot\spring-boot-starter-logging\2.1.5.RELEASE\spring-boot-starter-logging-2.1.5.RELEASE.jar;C:\Users\zhaoyan\.m2\repository\ch\qos\logback\logback-classic\1.2.3\logback-classic-1.2.3.jar;C:\Users\zhaoyan\.m2\repository\ch\qos\logback\logback-core\1.2.3\logback-core-1.2.3.jar;C:\Us
Launcher Type: SUN_STANDARD

Environment Variables:
JAVA_HOME=C:\Program Files\Java\jdk1.8.0_162
CLASSPATH=.;C:\Program Files\Java\jdk1.8.0_162\lib;C:\Program Files\Java\jdk1.8.0_162\lib\dt.jar;C:\Program Files\Java\jdk1.8.0_162\lib\tools.jar;F:\javaweb\apache-tomcat-8.0.53\bin;%JMETER_HOME%\lib\ext\ApacheJMeter_core.jar;%JMETER_HOME%\lib\jorphan.jar;%JMETER_HOME%\lib\logkit-2.0.jar;
USERNAME=zhaoyan
OS=Windows_NT
PROCESSOR_IDENTIFIER=Intel64 Family 6 Model 158 Stepping 9, GenuineIntel



---------------  S Y S T E M  ---------------

OS: Windows 10.0 , 64 bit Build 18362 (10.0.18362.778)

CPU:total 8 (initial active 8) (4 cores per cpu, 2 threads per core) family 6 model 158 stepping 9, cmov, cx8, fxsr, mmx, sse, sse2, sse3, ssse3, sse4.1, sse4.2, popcnt, avx, avx2, aes, clmul, erms, 3dnowpref, lzcnt, ht, tsc, tscinvbit, bmi1, bmi2, adx

Memory: 4k page, physical 16732884k(5004580k free), swap 16732884k(956k free)

vm_info: Java HotSpot(TM) 64-Bit Server VM (25.162-b12) for windows-amd64 JRE (1.8.0_162-b12), built on Dec 19 2017 20:00:03 by "java_re" with MS VC++ 10.0 (VS2010)

time: Fri Jun 12 12:50:20 2020
elapsed time: 224 seconds (0d 0h 3m 44s)

